   1               		.file	"main_i2csw_ipmi.c"
   2               	__SREG__ = 0x3f
   3               	__SP_H__ = 0x3e
   4               	__SP_L__ = 0x3d
   5               	__CCP__  = 0x34
   6               	__tmp_reg__ = 0
   7               	__zero_reg__ = 1
  15               	.Ltext0:
  16               	.global	initLeds
  18               	initLeds:
  19               	.LFB9:
  20               	.LM1:
  21               	/* prologue: function */
  22               	/* frame size = 0 */
  23               	.LM2:
  24 0000 67E3      		ldi r22,lo8(55)
  25 0002 70E0      		ldi r23,hi8(55)
  26 0004 7093 0000 		sts (leds)+1,r23
  27 0008 6093 0000 		sts leds,r22
  28               	.LM3:
  29 000c 48E3      		ldi r20,lo8(56)
  30 000e 50E0      		ldi r21,hi8(56)
  31 0010 5093 0000 		sts (leds+2)+1,r21
  32 0014 4093 0000 		sts leds+2,r20
  33               	.LM4:
  34 0018 26E3      		ldi r18,lo8(54)
  35 001a 30E0      		ldi r19,hi8(54)
  36 001c 3093 0000 		sts (leds+4)+1,r19
  37 0020 2093 0000 		sts leds+4,r18
  38               	.LM5:
  39 0024 84E0      		ldi r24,lo8(4)
  40 0026 8093 0000 		sts leds+6,r24
  41               	.LM6:
  42 002a 7093 0000 		sts (leds+7)+1,r23
  43 002e 6093 0000 		sts leds+7,r22
  44               	.LM7:
  45 0032 5093 0000 		sts (leds+9)+1,r21
  46 0036 4093 0000 		sts leds+9,r20
  47               	.LM8:
  48 003a 3093 0000 		sts (leds+11)+1,r19
  49 003e 2093 0000 		sts leds+11,r18
  50               	.LM9:
  51 0042 85E0      		ldi r24,lo8(5)
  52 0044 8093 0000 		sts leds+13,r24
  53               	/* epilogue start */
  54               	.LM10:
  55 0048 0895      		ret
  56               	.LFE9:
  58               	.global	boot_FPGA
  60               	boot_FPGA:
  61               	.LFB10:
  62               	.LM11:
  63               	/* prologue: function */
  64               	/* frame size = 0 */
  65               	.LM12:
  66 004a BE9A      		sbi 55-32,6
  67               	.LM13:
  68 004c A49A      		sbi 52-32,4
  69               	.LM14:
  70 004e 8091 6400 		lds r24,100
  71 0052 8260      		ori r24,lo8(2)
  72 0054 8093 6400 		sts 100,r24
  73               	.LM15:
  74 0058 8091 6400 		lds r24,100
  75 005c 8160      		ori r24,lo8(1)
  76 005e 8093 6400 		sts 100,r24
  77               	.LM16:
  78 0062 A598      		cbi 52-32,5
  79               	.LM17:
  80 0064 AD9A      		sbi 53-32,5
  81               	.LM18:
  82 0066 C69A      		sbi 56-32,6
  83               	.LM19:
  84 0068 8091 6500 		lds r24,101
  85 006c 8160      		ori r24,lo8(1)
  86 006e 8093 6500 		sts 101,r24
  87 0072 20E0      		ldi r18,lo8(0)
  88 0074 30E0      		ldi r19,hi8(0)
  89               	.LBB72:
  90               	.LBB73:
  91               	.LBB74:
  92               	.LBB75:
  93               	.LM20:
  94 0076 48EC      		ldi r20,lo8(200)
  95 0078 50E0      		ldi r21,hi8(200)
  96               	.L4:
  97 007a CA01      		movw r24,r20
  98               	.LVL0:
  99               	/* #APP */
 100               	 ;  105 "c:/winavr-20090313/lib/gcc/../../avr/include/util/delay_basic.h" 1
 101 007c 0197      		1: sbiw r24,1
 102 007e 01F4      		brne 1b
 103               	 ;  0 "" 2
 104               	/* #NOAPP */
 105 0080 2F5F      		subi r18,lo8(-(1))
 106 0082 3F4F      		sbci r19,hi8(-(1))
 107               	.LBE75:
 108               	.LBE74:
 109               	.LM21:
 110 0084 83E1      		ldi r24,hi8(5000)
 111 0086 2838      		cpi r18,lo8(5000)
 112 0088 3807      		cpc r19,r24
 113               	.LVL1:
 114 008a 01F4      		brne .L4
 115               	.LBE73:
 116               	.LBE72:
 117               	.LM22:
 118 008c AC9A      		sbi 53-32,4
 119 008e 20E0      		ldi r18,lo8(0)
 120 0090 30E0      		ldi r19,hi8(0)
 121               	.LBB76:
 122               	.LBB77:
 123               	.LBB78:
 124               	.LBB79:
 125               	.LM23:
 126 0092 48EC      		ldi r20,lo8(200)
 127 0094 50E0      		ldi r21,hi8(200)
 128               	.L5:
 129 0096 CA01      		movw r24,r20
 130               	.LVL2:
 131               	/* #APP */
 132               	 ;  105 "c:/winavr-20090313/lib/gcc/../../avr/include/util/delay_basic.h" 1
 133 0098 0197      		1: sbiw r24,1
 134 009a 01F4      		brne 1b
 135               	 ;  0 "" 2
 136               	/* #NOAPP */
 137 009c 2F5F      		subi r18,lo8(-(1))
 138 009e 3F4F      		sbci r19,hi8(-(1))
 139               	.LBE79:
 140               	.LBE78:
 141               	.LM24:
 142 00a0 87E2      		ldi r24,hi8(10000)
 143 00a2 2031      		cpi r18,lo8(10000)
 144 00a4 3807      		cpc r19,r24
 145               	.LVL3:
 146 00a6 01F4      		brne .L5
 147               	.L10:
 148               	.LBE77:
 149               	.LBE76:
 150               	.LM25:
 151 00a8 9D99      		sbic 51-32,5
 152 00aa 00C0      		rjmp .L10
 153               	.LM26:
 154 00ac C698      		cbi 56-32,6
 155 00ae 20E0      		ldi r18,lo8(0)
 156 00b0 30E0      		ldi r19,hi8(0)
 157               	.LBB80:
 158               	.LBB81:
 159               	.LBB82:
 160               	.LBB83:
 161               	.LM27:
 162 00b2 48EC      		ldi r20,lo8(200)
 163 00b4 50E0      		ldi r21,hi8(200)
 164               	.L7:
 165 00b6 CA01      		movw r24,r20
 166               	.LVL4:
 167               	/* #APP */
 168               	 ;  105 "c:/winavr-20090313/lib/gcc/../../avr/include/util/delay_basic.h" 1
 169 00b8 0197      		1: sbiw r24,1
 170 00ba 01F4      		brne 1b
 171               	 ;  0 "" 2
 172               	/* #NOAPP */
 173 00bc 2F5F      		subi r18,lo8(-(1))
 174 00be 3F4F      		sbci r19,hi8(-(1))
 175               	.LBE83:
 176               	.LBE82:
 177               	.LM28:
 178 00c0 83E1      		ldi r24,hi8(5000)
 179 00c2 2838      		cpi r18,lo8(5000)
 180 00c4 3807      		cpc r19,r24
 181               	.LVL5:
 182 00c6 01F4      		brne .L7
 183               	.LBE81:
 184               	.LBE80:
 185               	.LM29:
 186 00c8 8091 6500 		lds r24,101
 187 00cc 8260      		ori r24,lo8(2)
 188 00ce 8093 6500 		sts 101,r24
 189 00d2 20E0      		ldi r18,lo8(0)
 190 00d4 30E0      		ldi r19,hi8(0)
 191               	.LBB84:
 192               	.LBB85:
 193               	.LBB86:
 194               	.LBB87:
 195               	.LM30:
 196 00d6 48EC      		ldi r20,lo8(200)
 197 00d8 50E0      		ldi r21,hi8(200)
 198               	.L8:
 199 00da CA01      		movw r24,r20
 200               	.LVL6:
 201               	/* #APP */
 202               	 ;  105 "c:/winavr-20090313/lib/gcc/../../avr/include/util/delay_basic.h" 1
 203 00dc 0197      		1: sbiw r24,1
 204 00de 01F4      		brne 1b
 205               	 ;  0 "" 2
 206               	/* #NOAPP */
 207 00e0 2F5F      		subi r18,lo8(-(1))
 208 00e2 3F4F      		sbci r19,hi8(-(1))
 209               	.LBE87:
 210               	.LBE86:
 211               	.LM31:
 212 00e4 87E2      		ldi r24,hi8(10000)
 213 00e6 2031      		cpi r18,lo8(10000)
 214 00e8 3807      		cpc r19,r24
 215               	.LVL7:
 216 00ea 01F4      		brne .L8
 217               	/* epilogue start */
 218               	.LBE85:
 219               	.LBE84:
 220               	.LM32:
 221 00ec 0895      		ret
 222               	.LFE10:
 224               		.data
 225               	.LC0:
 226 0000 0A0D 746F 		.string	"\n\rtoogle_gpio %X\n\r"
 226      6F67 6C65
 226      5F67 7069
 226      6F20 2558
 226      0A0D 00
 227               		.text
 228               	.global	tooglepwr
 230               	tooglepwr:
 231               	.LFB12:
 232               	.LM33:
 233               	/* prologue: function */
 234               	/* frame size = 0 */
 235               	.LM34:
 236 00ee 83B3      		in r24,51-32
 237 00f0 00D0      		rcall .
 238 00f2 00D0      		rcall .
 239 00f4 20E0      		ldi r18,lo8(.LC0)
 240 00f6 30E0      		ldi r19,hi8(.LC0)
 241 00f8 EDB7      		in r30,__SP_L__
 242 00fa FEB7      		in r31,__SP_H__
 243 00fc 3283      		std Z+2,r19
 244 00fe 2183      		std Z+1,r18
 245 0100 90E0      		ldi r25,lo8(0)
 246 0102 9295      		swap r25
 247 0104 8295      		swap r24
 248 0106 8F70      		andi r24,0x0f
 249 0108 8927      		eor r24,r25
 250 010a 9F70      		andi r25,0x0f
 251 010c 8927      		eor r24,r25
 252 010e 8170      		andi r24,lo8(1)
 253 0110 9070      		andi r25,hi8(1)
 254 0112 9483      		std Z+4,r25
 255 0114 8383      		std Z+3,r24
 256 0116 0E94 0000 		call printf
 257               	.LM35:
 258 011a 85B3      		in r24,53-32
 259 011c 90E1      		ldi r25,lo8(16)
 260 011e 8927      		eor r24,r25
 261 0120 85BB      		out 53-32,r24
 262 0122 0F90      		pop __tmp_reg__
 263 0124 0F90      		pop __tmp_reg__
 264 0126 0F90      		pop __tmp_reg__
 265 0128 0F90      		pop __tmp_reg__
 266               	/* epilogue start */
 267               	.LM36:
 268 012a 0895      		ret
 269               	.LFE12:
 271               		.data
 272               	.LC1:
 273 0013 7365 6E64 		.string	"send_pwr_ctrl_ch %d %d %d"
 273      5F70 7772
 273      5F63 7472
 273      6C5F 6368
 273      2025 6420
 274               		.text
 275               	.global	pwrFunction
 277               	pwrFunction:
 278               	.LFB13:
 279               	.LM37:
 280 012c CF92      		push r12
 281 012e DF92      		push r13
 282 0130 EF92      		push r14
 283 0132 FF92      		push r15
 284 0134 0F93      		push r16
 285 0136 1F93      		push r17
 286               	/* prologue: function */
 287               	/* frame size = 0 */
 288               	.LM38:
 289 0138 81E0      		ldi r24,lo8(1)
 290 013a 0E94 0000 		call cmdlineGetArgInt
 291 013e F62E      		mov r15,r22
 292               	.LM39:
 293 0140 82E0      		ldi r24,lo8(2)
 294 0142 0E94 0000 		call cmdlineGetArgInt
 295 0146 162F      		mov r17,r22
 296               	.LM40:
 297 0148 83E0      		ldi r24,lo8(3)
 298 014a 0E94 0000 		call cmdlineGetArgInt
 299 014e 062F      		mov r16,r22
 300               	.LM41:
 301 0150 8DB7      		in r24,__SP_L__
 302 0152 9EB7      		in r25,__SP_H__
 303 0154 0897      		sbiw r24,8
 304 0156 0FB6      		in __tmp_reg__,__SREG__
 305 0158 F894      		cli
 306 015a 9EBF      		out __SP_H__,r25
 307 015c 0FBE      		out __SREG__,__tmp_reg__
 308 015e 8DBF      		out __SP_L__,r24
 309 0160 EDB7      		in r30,__SP_L__
 310 0162 FEB7      		in r31,__SP_H__
 311 0164 3196      		adiw r30,1
 312 0166 80E0      		ldi r24,lo8(.LC1)
 313 0168 90E0      		ldi r25,hi8(.LC1)
 314 016a ADB7      		in r26,__SP_L__
 315 016c BEB7      		in r27,__SP_H__
 316 016e 1296      		adiw r26,1+1
 317 0170 9C93      		st X,r25
 318 0172 8E93      		st -X,r24
 319 0174 1197      		sbiw r26,1
 320 0176 F282      		std Z+2,r15
 321 0178 1382      		std Z+3,__zero_reg__
 322 017a 1483      		std Z+4,r17
 323 017c 1582      		std Z+5,__zero_reg__
 324 017e 0683      		std Z+6,r16
 325 0180 1782      		std Z+7,__zero_reg__
 326 0182 0E94 0000 		call printf
 327               	.LM42:
 328 0186 8DB7      		in r24,__SP_L__
 329 0188 9EB7      		in r25,__SP_H__
 330 018a 0896      		adiw r24,8
 331 018c 0FB6      		in __tmp_reg__,__SREG__
 332 018e F894      		cli
 333 0190 9EBF      		out __SP_H__,r25
 334 0192 0FBE      		out __SREG__,__tmp_reg__
 335 0194 8DBF      		out __SP_L__,r24
 336 0196 80E0      		ldi r24,lo8(ws)
 337 0198 90E0      		ldi r25,hi8(ws)
 338 019a 60E0      		ldi r22,lo8(0)
 339 019c 4F2D      		mov r20,r15
 340 019e 212F      		mov r18,r17
 341 01a0 EE24      		clr r14
 342 01a2 30E0      		ldi r19,lo8(gs(cmd_complete))
 343 01a4 C32E      		mov r12,r19
 344 01a6 30E0      		ldi r19,hi8(gs(cmd_complete))
 345 01a8 D32E      		mov r13,r19
 346 01aa 0E94 0000 		call send_pwr_ctrl_ch
 347               	.LM43:
 348 01ae 81E0      		ldi r24,lo8(1)
 349 01b0 8093 0000 		sts send_cmd,r24
 350               	/* epilogue start */
 351               	.LM44:
 352 01b4 1F91      		pop r17
 353 01b6 0F91      		pop r16
 354 01b8 FF90      		pop r15
 355 01ba EF90      		pop r14
 356 01bc DF90      		pop r13
 357 01be CF90      		pop r12
 358 01c0 0895      		ret
 359               	.LFE13:
 361               		.data
 362               	.LC2:
 363 002d 1B5B 324A 		.string	"\033[2JLast Compilation %s %s\n\r"
 363      4C61 7374
 363      2043 6F6D
 363      7069 6C61
 363      7469 6F6E
 364               	.LC3:
 365 004a 4A75 6C20 		.string	"Jul 13 2009"
 365      3133 2032
 365      3030 3900
 366               	.LC4:
 367 0056 3135 3A32 		.string	"15:29:37"
 367      393A 3337
 367      00
 368               	.LC5:
 369 005f 5072 6573 		.string	"Press F2 for bootloader %02d sec\r"
 369      7320 4632
 369      2066 6F72
 369      2062 6F6F
 369      746C 6F61
 370               	.LC6:
 371 0081 6865 6C70 		.string	"help"
 371      00
 372               	.LC7:
 373 0086 7077 7200 		.string	"pwr"
 374               	.LC8:
 375 008a 7365 6E64 		.string	"send_fru"
 375      5F66 7275
 375      00
 376               	.LC9:
 377 0093 746F 6F67 		.string	"toogle_pwr"
 377      6C65 5F70
 377      7772 00
 378               	.LC10:
 379 009e 456E 6162 		.string	"Enable Interrupts\n\r"
 379      6C65 2049
 379      6E74 6572
 379      7275 7074
 379      730A 0D00
 380               	.LC11:
 381 00b2 4D6F 6475 		.string	"Module Init\n\r"
 381      6C65 2049
 381      6E69 740A
 381      0D00
 382               	.LC12:
 383 00c0 0A0D 4F55 		.string	"\n\rOUT LEN: 0x%02X - "
 383      5420 4C45
 383      4E3A 2030
 383      7825 3032
 383      5820 2D20
 384               	.LC13:
 385 00d5 2030 7825 		.string	" 0x%02X "
 385      3032 5820
 385      00
 386               	.LC14:
 387 00de 436F 6D70 		.string	"Complete msg %02Xh: Nack: %03d \n\r"
 387      6C65 7465
 387      206D 7367
 387      2025 3032
 387      5868 3A20
 388               	.LC15:
 389 0100 436F 6D70 		.string	"Complete msg %02Xh: ack: %03d \n\r"
 389      6C65 7465
 389      206D 7367
 389      2025 3032
 389      5868 3A20
 390               	.LC16:
 391 0121 0A0D 494E 		.string	"\n\rIN LEN: 0x%02X - "
 391      204C 454E
 391      3A20 3078
 391      2530 3258
 391      202D 2000
 392               	.LC17:
 393 0135 0A0D 3078 		.string	"\n\r0x%02Xh: Nack: %03d \n\r"
 393      2530 3258
 393      683A 204E
 393      6163 6B3A
 393      2025 3033
 394               	.LC18:
 395 014e 0A0D 3078 		.string	"\n\r0x%02Xh: ack: %03d goto ret_stard\n\r"
 395      2530 3258
 395      683A 2061
 395      636B 3A20
 395      2530 3364
 396               		.text
 397               	.global	main
 399               	main:
 400               	.LFB11:
 401               	.LM45:
 402 01c2 2F92      		push r2
 403 01c4 3F92      		push r3
 404 01c6 4F92      		push r4
 405 01c8 5F92      		push r5
 406 01ca 6F92      		push r6
 407 01cc 7F92      		push r7
 408 01ce 8F92      		push r8
 409 01d0 9F92      		push r9
 410 01d2 AF92      		push r10
 411 01d4 BF92      		push r11
 412 01d6 CF92      		push r12
 413 01d8 DF92      		push r13
 414 01da EF92      		push r14
 415 01dc FF92      		push r15
 416 01de 0F93      		push r16
 417 01e0 1F93      		push r17
 418 01e2 DF93      		push r29
 419 01e4 CF93      		push r28
 420 01e6 0F92      		push __tmp_reg__
 421 01e8 CDB7      		in r28,__SP_L__
 422 01ea DEB7      		in r29,__SP_H__
 423               	/* prologue: function */
 424               	/* frame size = 1 */
 425               	.LM46:
 426 01ec 0E94 0000 		call timerInit
 427               	.LM47:
 428 01f0 0E94 0000 		call uartInit
 429               	.LBB88:
 430               	.LBB89:
 431               	.LM48:
 432 01f4 67E3      		ldi r22,lo8(55)
 433 01f6 70E0      		ldi r23,hi8(55)
 434 01f8 7093 0000 		sts (leds)+1,r23
 435 01fc 6093 0000 		sts leds,r22
 436               	.LM49:
 437 0200 48E3      		ldi r20,lo8(56)
 438 0202 50E0      		ldi r21,hi8(56)
 439 0204 5093 0000 		sts (leds+2)+1,r21
 440 0208 4093 0000 		sts leds+2,r20
 441               	.LM50:
 442 020c 26E3      		ldi r18,lo8(54)
 443 020e 30E0      		ldi r19,hi8(54)
 444 0210 3093 0000 		sts (leds+4)+1,r19
 445 0214 2093 0000 		sts leds+4,r18
 446               	.LM51:
 447 0218 84E0      		ldi r24,lo8(4)
 448 021a 8093 0000 		sts leds+6,r24
 449               	.LM52:
 450 021e 7093 0000 		sts (leds+7)+1,r23
 451 0222 6093 0000 		sts leds+7,r22
 452               	.LM53:
 453 0226 5093 0000 		sts (leds+9)+1,r21
 454 022a 4093 0000 		sts leds+9,r20
 455               	.LM54:
 456 022e 3093 0000 		sts (leds+11)+1,r19
 457 0232 2093 0000 		sts leds+11,r18
 458               	.LM55:
 459 0236 85E0      		ldi r24,lo8(5)
 460 0238 8093 0000 		sts leds+13,r24
 461               	.LBE89:
 462               	.LBE88:
 463               	.LM56:
 464 023c 8CE0      		ldi r24,lo8(12)
 465 023e 0E94 0000 		call uartSetBaudRate
 466               	.LM57:
 467 0242 80E0      		ldi r24,lo8(gs(put))
 468 0244 90E0      		ldi r25,hi8(gs(put))
 469 0246 60E0      		ldi r22,lo8(gs(get))
 470 0248 70E0      		ldi r23,hi8(gs(get))
 471 024a 0E94 0000 		call fdevopen
 472               	.LM58:
 473 024e 00D0      		rcall .
 474 0250 00D0      		rcall .
 475 0252 00D0      		rcall .
 476 0254 EDB7      		in r30,__SP_L__
 477 0256 FEB7      		in r31,__SP_H__
 478 0258 3196      		adiw r30,1
 479 025a 80E0      		ldi r24,lo8(.LC2)
 480 025c 90E0      		ldi r25,hi8(.LC2)
 481 025e ADB7      		in r26,__SP_L__
 482 0260 BEB7      		in r27,__SP_H__
 483 0262 1296      		adiw r26,1+1
 484 0264 9C93      		st X,r25
 485 0266 8E93      		st -X,r24
 486 0268 1197      		sbiw r26,1
 487 026a 80E0      		ldi r24,lo8(.LC3)
 488 026c 90E0      		ldi r25,hi8(.LC3)
 489 026e 9383      		std Z+3,r25
 490 0270 8283      		std Z+2,r24
 491 0272 80E0      		ldi r24,lo8(.LC4)
 492 0274 90E0      		ldi r25,hi8(.LC4)
 493 0276 9583      		std Z+5,r25
 494 0278 8483      		std Z+4,r24
 495 027a 0E94 0000 		call printf
 496               	.LM59:
 497 027e EDB7      		in r30,__SP_L__
 498 0280 FEB7      		in r31,__SP_H__
 499 0282 3696      		adiw r30,6
 500 0284 0FB6      		in __tmp_reg__,__SREG__
 501 0286 F894      		cli
 502 0288 FEBF      		out __SP_H__,r31
 503 028a 0FBE      		out __SREG__,__tmp_reg__
 504 028c EDBF      		out __SP_L__,r30
 505 028e 80E0      		ldi r24,lo8(__c.3286)
 506 0290 90E0      		ldi r25,hi8(__c.3286)
 507 0292 0E94 0000 		call printfr
 508               	.LM60:
 509 0296 E091 0000 		lds r30,leds
 510 029a F091 0000 		lds r31,(leds)+1
 511 029e 4081      		ld r20,Z
 512 02a0 8091 0000 		lds r24,leds+6
 513 02a4 21E0      		ldi r18,lo8(1)
 514 02a6 30E0      		ldi r19,hi8(1)
 515 02a8 B901      		movw r22,r18
 516 02aa 00C0      		rjmp 2f
 517 02ac 660F      	1:	lsl r22
 518 02ae 771F      		rol r23
 519 02b0 8A95      	2:	dec r24
 520 02b2 02F4      		brpl 1b
 521 02b4 462B      		or r20,r22
 522 02b6 4083      		st Z,r20
 523               	.LM61:
 524 02b8 E091 0000 		lds r30,leds+7
 525 02bc F091 0000 		lds r31,(leds+7)+1
 526 02c0 4081      		ld r20,Z
 527 02c2 8091 0000 		lds r24,leds+13
 528 02c6 D901      		movw r26,r18
 529 02c8 00C0      		rjmp 2f
 530 02ca AA0F      	1:	lsl r26
 531 02cc BB1F      		rol r27
 532 02ce 8A95      	2:	dec r24
 533 02d0 02F4      		brpl 1b
 534 02d2 4A2B      		or r20,r26
 535 02d4 4083      		st Z,r20
 536               	.LM62:
 537 02d6 E091 0000 		lds r30,leds+2
 538 02da F091 0000 		lds r31,(leds+2)+1
 539 02de 4081      		ld r20,Z
 540 02e0 8091 0000 		lds r24,leds+6
 541 02e4 B901      		movw r22,r18
 542 02e6 00C0      		rjmp 2f
 543 02e8 660F      	1:	lsl r22
 544 02ea 771F      		rol r23
 545 02ec 8A95      	2:	dec r24
 546 02ee 02F4      		brpl 1b
 547 02f0 462B      		or r20,r22
 548 02f2 4083      		st Z,r20
 549               	.LM63:
 550 02f4 E091 0000 		lds r30,leds+9
 551 02f8 F091 0000 		lds r31,(leds+9)+1
 552 02fc 9081      		ld r25,Z
 553 02fe 8091 0000 		lds r24,leds+13
 554 0302 00C0      		rjmp 2f
 555 0304 220F      	1:	lsl r18
 556 0306 331F      		rol r19
 557 0308 8A95      	2:	dec r24
 558 030a 02F4      		brpl 1b
 559 030c 2095      		com r18
 560 030e 2923      		and r18,r25
 561 0310 2083      		st Z,r18
 562 0312 12E0      		ldi r17,lo8(2)
 563               	.LVL8:
 564 0314 00E0      		ldi r16,lo8(.LC5)
 565 0316 C02E      		mov r12,r16
 566 0318 00E0      		ldi r16,hi8(.LC5)
 567 031a D02E      		mov r13,r16
 568               	.LBB90:
 569               	.LBB91:
 570               	.LBB92:
 571               	.LBB93:
 572               	.LM64:
 573 031c B8EC      		ldi r27,lo8(200)
 574 031e EB2E      		mov r14,r27
 575 0320 F12C      		mov r15,__zero_reg__
 576               	.L22:
 577               	.LBE93:
 578               	.LBE92:
 579               	.LBE91:
 580               	.LBE90:
 581               	.LM65:
 582 0322 80E0      		ldi r24,lo8(0)
 583 0324 90E0      		ldi r25,hi8(0)
 584               	.L23:
 585               	.LBB97:
 586               	.LBB96:
 587               	.LBB95:
 588               	.LBB94:
 589               	.LM66:
 590 0326 F701      		movw r30,r14
 591               	.LVL9:
 592               	/* #APP */
 593               	 ;  105 "c:/winavr-20090313/lib/gcc/../../avr/include/util/delay_basic.h" 1
 594 0328 3197      		1: sbiw r30,1
 595 032a 01F4      		brne 1b
 596               	 ;  0 "" 2
 597               	/* #NOAPP */
 598 032c 0196      		adiw r24,1
 599               	.LBE94:
 600               	.LBE95:
 601               	.LM67:
 602 032e 77E2      		ldi r23,hi8(10000)
 603 0330 8031      		cpi r24,lo8(10000)
 604 0332 9707      		cpc r25,r23
 605 0334 01F4      		brne .L23
 606               	.LBE96:
 607               	.LBE97:
 608               	.LM68:
 609 0336 00D0      		rcall .
 610 0338 00D0      		rcall .
 611 033a EDB7      		in r30,__SP_L__
 612 033c FEB7      		in r31,__SP_H__
 613               	.LVL10:
 614 033e 3196      		adiw r30,1
 615 0340 ADB7      		in r26,__SP_L__
 616 0342 BEB7      		in r27,__SP_H__
 617 0344 1296      		adiw r26,1+1
 618 0346 DC92      		st X,r13
 619 0348 CE92      		st -X,r12
 620 034a 1197      		sbiw r26,1
 621 034c 1283      		std Z+2,r17
 622 034e 1382      		std Z+3,__zero_reg__
 623 0350 0E94 0000 		call printf
 624               	.LM69:
 625 0354 0F90      		pop __tmp_reg__
 626 0356 0F90      		pop __tmp_reg__
 627 0358 0F90      		pop __tmp_reg__
 628 035a 0F90      		pop __tmp_reg__
 629 035c 1123      		tst r17
 630 035e 01F0      		breq .L51
 631 0360 1150      		subi r17,lo8(-(-1))
 632 0362 00C0      		rjmp .L22
 633               	.L51:
 634               	.LM70:
 635 0364 80E0      		ldi r24,lo8(__c.3291)
 636 0366 90E0      		ldi r25,hi8(__c.3291)
 637 0368 0E94 0000 		call printfr
 638               	.LM71:
 639 036c 0E94 0000 		call boot_FPGA
 640 0370 80E0      		ldi r24,lo8(0)
 641 0372 90E0      		ldi r25,hi8(0)
 642               	.LBB98:
 643               	.LBB99:
 644               	.LBB100:
 645               	.LBB101:
 646               	.LM72:
 647 0374 28EC      		ldi r18,lo8(200)
 648 0376 30E0      		ldi r19,hi8(200)
 649               	.L25:
 650 0378 F901      		movw r30,r18
 651               	.LVL11:
 652               	/* #APP */
 653               	 ;  105 "c:/winavr-20090313/lib/gcc/../../avr/include/util/delay_basic.h" 1
 654 037a 3197      		1: sbiw r30,1
 655 037c 01F4      		brne 1b
 656               	 ;  0 "" 2
 657               	/* #NOAPP */
 658 037e 0196      		adiw r24,1
 659               	.LBE101:
 660               	.LBE100:
 661               	.LM73:
 662 0380 B7E2      		ldi r27,hi8(10000)
 663 0382 8031      		cpi r24,lo8(10000)
 664 0384 9B07      		cpc r25,r27
 665 0386 01F4      		brne .L25
 666               	.LBE99:
 667               	.LBE98:
 668               	.LM74:
 669 0388 80E0      		ldi r24,lo8(__c.3293)
 670 038a 90E0      		ldi r25,hi8(__c.3293)
 671 038c 0E94 0000 		call printfr
 672               	.LVL12:
 673               	.LM75:
 674 0390 0E94 0000 		call ws_init
 675               	.LM76:
 676 0394 0E94 0000 		call i2c_bus_init
 677               	.LM77:
 678 0398 80E0      		ldi r24,lo8(.LC6)
 679 039a 90E0      		ldi r25,hi8(.LC6)
 680 039c 60E0      		ldi r22,lo8(gs(helpFunction))
 681 039e 70E0      		ldi r23,hi8(gs(helpFunction))
 682 03a0 0E94 0000 		call cmdlineAddCommand
 683               	.LM78:
 684 03a4 80E0      		ldi r24,lo8(.LC7)
 685 03a6 90E0      		ldi r25,hi8(.LC7)
 686 03a8 60E0      		ldi r22,lo8(gs(pwrFunction))
 687 03aa 70E0      		ldi r23,hi8(gs(pwrFunction))
 688 03ac 0E94 0000 		call cmdlineAddCommand
 689               	.LM79:
 690 03b0 80E0      		ldi r24,lo8(.LC8)
 691 03b2 90E0      		ldi r25,hi8(.LC8)
 692 03b4 60E0      		ldi r22,lo8(gs(helpFunction))
 693 03b6 70E0      		ldi r23,hi8(gs(helpFunction))
 694 03b8 0E94 0000 		call cmdlineAddCommand
 695               	.LM80:
 696 03bc 80E0      		ldi r24,lo8(.LC9)
 697 03be 90E0      		ldi r25,hi8(.LC9)
 698 03c0 60E0      		ldi r22,lo8(gs(tooglepwr))
 699 03c2 70E0      		ldi r23,hi8(gs(tooglepwr))
 700 03c4 0E94 0000 		call cmdlineAddCommand
 701               	.LM81:
 702 03c8 80E0      		ldi r24,lo8(__c.3295)
 703 03ca 90E0      		ldi r25,hi8(__c.3295)
 704 03cc 0E94 0000 		call printfr
 705 03d0 80E0      		ldi r24,lo8(0)
 706 03d2 90E0      		ldi r25,hi8(0)
 707               	.LBB102:
 708               	.LBB103:
 709               	.LBB104:
 710               	.LBB105:
 711               	.LM82:
 712 03d4 28EC      		ldi r18,lo8(200)
 713 03d6 30E0      		ldi r19,hi8(200)
 714               	.L26:
 715 03d8 F901      		movw r30,r18
 716               	.LVL13:
 717               	/* #APP */
 718               	 ;  105 "c:/winavr-20090313/lib/gcc/../../avr/include/util/delay_basic.h" 1
 719 03da 3197      		1: sbiw r30,1
 720 03dc 01F4      		brne 1b
 721               	 ;  0 "" 2
 722               	/* #NOAPP */
 723 03de 0196      		adiw r24,1
 724               	.LBE105:
 725               	.LBE104:
 726               	.LM83:
 727 03e0 EEE4      		ldi r30,hi8(20000)
 728 03e2 8032      		cpi r24,lo8(20000)
 729 03e4 9E07      		cpc r25,r30
 730               	.LVL14:
 731 03e6 01F4      		brne .L26
 732               	.LBE103:
 733               	.LBE102:
 734               	.LM84:
 735 03e8 00D0      		rcall .
 736 03ea 80E0      		ldi r24,lo8(.LC10)
 737 03ec 90E0      		ldi r25,hi8(.LC10)
 738 03ee ADB7      		in r26,__SP_L__
 739 03f0 BEB7      		in r27,__SP_H__
 740 03f2 1296      		adiw r26,1+1
 741 03f4 9C93      		st X,r25
 742 03f6 8E93      		st -X,r24
 743 03f8 1197      		sbiw r26,1
 744 03fa 0E94 0000 		call printf
 745               	.LM85:
 746               	/* #APP */
 747               	 ;  204 "main_i2csw_ipmi.c" 1
 748 03fe 7894      		sei
 749               	 ;  0 "" 2
 750               	.LM86:
 751               	/* #NOAPP */
 752 0400 80E0      		ldi r24,lo8(.LC11)
 753 0402 90E0      		ldi r25,hi8(.LC11)
 754 0404 EDB7      		in r30,__SP_L__
 755 0406 FEB7      		in r31,__SP_H__
 756 0408 9283      		std Z+2,r25
 757 040a 8183      		std Z+1,r24
 758 040c 0E94 0000 		call printf
 759               	.LM87:
 760 0410 0F90      		pop __tmp_reg__
 761 0412 0F90      		pop __tmp_reg__
 762 0414 0E94 0000 		call module_init
 763               	.LBB106:
 764               	.LM88:
 765 0418 E091 0000 		lds r30,leds+9
 766 041c F091 0000 		lds r31,(leds+9)+1
 767 0420 4081      		ld r20,Z
 768 0422 8091 0000 		lds r24,leds+13
 769 0426 21E0      		ldi r18,lo8(1)
 770 0428 30E0      		ldi r19,hi8(1)
 771 042a B901      		movw r22,r18
 772 042c 00C0      		rjmp 2f
 773 042e 660F      	1:	lsl r22
 774 0430 771F      		rol r23
 775 0432 8A95      	2:	dec r24
 776 0434 02F4      		brpl 1b
 777 0436 4627      		eor r20,r22
 778 0438 4083      		st Z,r20
 779               	.LM89:
 780 043a E091 0000 		lds r30,leds+2
 781 043e F091 0000 		lds r31,(leds+2)+1
 782 0442 8081      		ld r24,Z
 783 0444 9091 0000 		lds r25,leds+6
 784 0448 00C0      		rjmp 2f
 785 044a 220F      	1:	lsl r18
 786 044c 331F      		rol r19
 787 044e 9A95      	2:	dec r25
 788 0450 02F4      		brpl 1b
 789 0452 8227      		eor r24,r18
 790 0454 8083      		st Z,r24
 791 0456 A0E0      		ldi r26,lo8(.LC12)
 792 0458 CA2E      		mov r12,r26
 793 045a A0E0      		ldi r26,hi8(.LC12)
 794 045c DA2E      		mov r13,r26
 795 045e F0E0      		ldi r31,lo8(.LC13)
 796 0460 EF2E      		mov r14,r31
 797 0462 F0E0      		ldi r31,hi8(.LC13)
 798 0464 FF2E      		mov r15,r31
 799 0466 E0E0      		ldi r30,lo8(.LC14)
 800 0468 AE2E      		mov r10,r30
 801 046a E0E0      		ldi r30,hi8(.LC14)
 802 046c BE2E      		mov r11,r30
 803 046e 70E0      		ldi r23,lo8(.LC15)
 804 0470 872E      		mov r8,r23
 805 0472 70E0      		ldi r23,hi8(.LC15)
 806 0474 972E      		mov r9,r23
 807 0476 60E0      		ldi r22,lo8(.LC16)
 808 0478 662E      		mov r6,r22
 809 047a 60E0      		ldi r22,hi8(.LC16)
 810 047c 762E      		mov r7,r22
 811 047e 50E0      		ldi r21,lo8(.LC17)
 812 0480 452E      		mov r4,r21
 813 0482 50E0      		ldi r21,hi8(.LC17)
 814 0484 552E      		mov r5,r21
 815 0486 40E0      		ldi r20,lo8(.LC18)
 816 0488 242E      		mov r2,r20
 817 048a 40E0      		ldi r20,hi8(.LC18)
 818 048c 342E      		mov r3,r20
 819               	.LBB107:
 820               	.LM90:
 821 048e C201      		movw r24,r4
 822 0490 042D      		mov r16,r4
 823 0492 9983      		std Y+1,r25
 824               	.LVL15:
 825               	.L48:
 826               	.LBE107:
 827               	.LM91:
 828 0494 80E0      		ldi r24,lo8(__c.3306)
 829 0496 90E0      		ldi r25,hi8(__c.3306)
 830 0498 0E94 0000 		call printfr
 831               	.LM92:
 832 049c 60E0      		ldi r22,lo8(ws)
 833 049e 70E0      		ldi r23,hi8(ws)
 834 04a0 7093 0000 		sts (wsp)+1,r23
 835 04a4 6093 0000 		sts wsp,r22
 836               	.LM93:
 837 04a8 1092 0000 		sts ws+26,__zero_reg__
 838 04ac 1092 0000 		sts (ws+26)+1,__zero_reg__
 839 04b0 1092 0000 		sts (ws+26)+2,__zero_reg__
 840 04b4 1092 0000 		sts (ws+26)+3,__zero_reg__
 841               	.LM94:
 842 04b8 81E0      		ldi r24,lo8(1)
 843 04ba 0E94 0000 		call getBus
 844 04be 0E94 0000 		call IPMB0_A_READ
 845 04c2 DC01      		movw r26,r24
 846 04c4 9093 0000 		sts (wsp)+1,r25
 847 04c8 8093 0000 		sts wsp,r24
 848               	.LM95:
 849 04cc 0097      		sbiw r24,0
 850 04ce 01F4      		brne .+2
 851 04d0 00C0      		rjmp .L52
 852               	.LM96:
 853 04d2 00D0      		rcall .
 854 04d4 00D0      		rcall .
 855 04d6 2DB7      		in r18,__SP_L__
 856 04d8 3EB7      		in r19,__SP_H__
 857 04da 2F5F      		subi r18,lo8(-(1))
 858 04dc 3F4F      		sbci r19,hi8(-(1))
 859 04de EDB7      		in r30,__SP_L__
 860 04e0 FEB7      		in r31,__SP_H__
 861 04e2 7282      		std Z+2,r7
 862 04e4 6182      		std Z+1,r6
 863 04e6 1496      		adiw r26,4
 864 04e8 8C91      		ld r24,X
 865 04ea D901      		movw r26,r18
 866 04ec 1296      		adiw r26,2
 867 04ee 8C93      		st X,r24
 868 04f0 1297      		sbiw r26,2
 869 04f2 1396      		adiw r26,3
 870 04f4 1C92      		st X,__zero_reg__
 871 04f6 0E94 0000 		call printf
 872               	.LM97:
 873 04fa A091 0000 		lds r26,wsp
 874 04fe B091 0000 		lds r27,(wsp)+1
 875 0502 0F90      		pop __tmp_reg__
 876 0504 0F90      		pop __tmp_reg__
 877 0506 0F90      		pop __tmp_reg__
 878 0508 0F90      		pop __tmp_reg__
 879 050a 1496      		adiw r26,4
 880 050c 8C91      		ld r24,X
 881 050e 1497      		sbiw r26,4
 882 0510 8823      		tst r24
 883 0512 01F0      		breq .L36
 884 0514 10E0      		ldi r17,lo8(0)
 885               	.LVL16:
 886               	.L37:
 887               	.LM98:
 888 0516 00D0      		rcall .
 889 0518 00D0      		rcall .
 890 051a 2DB7      		in r18,__SP_L__
 891 051c 3EB7      		in r19,__SP_H__
 892 051e 2F5F      		subi r18,lo8(-(1))
 893 0520 3F4F      		sbci r19,hi8(-(1))
 894 0522 EDB7      		in r30,__SP_L__
 895 0524 FEB7      		in r31,__SP_H__
 896 0526 F282      		std Z+2,r15
 897 0528 E182      		std Z+1,r14
 898 052a A10F      		add r26,r17
 899 052c B11D      		adc r27,__zero_reg__
 900 052e D496      		adiw r26,52
 901 0530 8C91      		ld r24,X
 902 0532 D901      		movw r26,r18
 903 0534 1296      		adiw r26,2
 904 0536 8C93      		st X,r24
 905 0538 1297      		sbiw r26,2
 906 053a 1396      		adiw r26,3
 907 053c 1C92      		st X,__zero_reg__
 908 053e 0E94 0000 		call printf
 909               	.LM99:
 910 0542 1F5F      		subi r17,lo8(-(1))
 911 0544 A091 0000 		lds r26,wsp
 912 0548 B091 0000 		lds r27,(wsp)+1
 913 054c 0F90      		pop __tmp_reg__
 914 054e 0F90      		pop __tmp_reg__
 915 0550 0F90      		pop __tmp_reg__
 916 0552 0F90      		pop __tmp_reg__
 917 0554 1496      		adiw r26,4
 918 0556 8C91      		ld r24,X
 919 0558 1497      		sbiw r26,4
 920 055a 1817      		cp r17,r24
 921 055c 00F0      		brlo .L37
 922               	.LVL17:
 923               	.L36:
 924               	.LM100:
 925 055e CD01      		movw r24,r26
 926 0560 0E94 0000 		call ipmi_process_pkt
 927               	.LM101:
 928 0564 E091 0000 		lds r30,wsp
 929 0568 F091 0000 		lds r31,(wsp)+1
 930 056c 8081      		ld r24,Z
 931 056e 9181      		ldd r25,Z+1
 932 0570 0597      		sbiw r24,5
 933 0572 01F0      		breq .+2
 934 0574 00C0      		rjmp .L48
 935               	.LBB108:
 936               	.LM102:
 937 0576 81E0      		ldi r24,lo8(1)
 938 0578 0E94 0000 		call getBus
 939 057c E091 0000 		lds r30,wsp
 940 0580 F091 0000 		lds r31,(wsp)+1
 941 0584 DF01      		movw r26,r30
 942 0586 AC5A      		subi r26,lo8(-(84))
 943 0588 BF4F      		sbci r27,hi8(-(84))
 944 058a 6C91      		ld r22,X
 945 058c 4581      		ldd r20,Z+5
 946 058e EB5A      		subi r30,lo8(-(85))
 947 0590 FF4F      		sbci r31,hi8(-(85))
 948 0592 9F01      		movw r18,r30
 949 0594 0E94 0000 		call i2c_Send
 950 0598 982F      		mov r25,r24
 951               	.LVL18:
 952               	.LM103:
 953 059a 8823      		tst r24
 954 059c 01F0      		breq .+2
 955 059e 00C0      		rjmp .L38
 956               	.LVL19:
 957               	.LM104:
 958 05a0 00D0      		rcall .
 959 05a2 00D0      		rcall .
 960 05a4 00D0      		rcall .
 961 05a6 ADB7      		in r26,__SP_L__
 962 05a8 BEB7      		in r27,__SP_H__
 963 05aa 1196      		adiw r26,1
 964 05ac EDB7      		in r30,__SP_L__
 965 05ae FEB7      		in r31,__SP_H__
 966 05b0 5282      		std Z+2,r5
 967 05b2 4182      		std Z+1,r4
 968 05b4 E091 0000 		lds r30,wsp
 969 05b8 F091 0000 		lds r31,(wsp)+1
 970 05bc EC5A      		subi r30,lo8(-(84))
 971 05be FF4F      		sbci r31,hi8(-(84))
 972 05c0 8081      		ld r24,Z
 973               	.LVL20:
 974 05c2 1296      		adiw r26,2
 975 05c4 8C93      		st X,r24
 976 05c6 1297      		sbiw r26,2
 977 05c8 1396      		adiw r26,3
 978 05ca 1C92      		st X,__zero_reg__
 979 05cc 1397      		sbiw r26,3
 980 05ce 1596      		adiw r26,4+1
 981 05d0 1C92      		st X,__zero_reg__
 982 05d2 1E92      		st -X,__zero_reg__
 983 05d4 1497      		sbiw r26,4
 984 05d6 0E94 0000 		call printf
 985               	.LVL21:
 986               	.LM105:
 987 05da 6DB7      		in r22,__SP_L__
 988 05dc 7EB7      		in r23,__SP_H__
 989 05de 6A5F      		subi r22,lo8(-(6))
 990 05e0 7F4F      		sbci r23,hi8(-(6))
 991 05e2 0FB6      		in __tmp_reg__,__SREG__
 992 05e4 F894      		cli
 993 05e6 7EBF      		out __SP_H__,r23
 994 05e8 0FBE      		out __SREG__,__tmp_reg__
 995 05ea 6DBF      		out __SP_L__,r22
 996 05ec 81E0      		ldi r24,lo8(1)
 997 05ee 0E94 0000 		call getBus
 998 05f2 E091 0000 		lds r30,wsp
 999 05f6 F091 0000 		lds r31,(wsp)+1
 1000 05fa DF01      		movw r26,r30
 1001 05fc AC5A      		subi r26,lo8(-(84))
 1002 05fe BF4F      		sbci r27,hi8(-(84))
 1003 0600 6C91      		ld r22,X
 1004 0602 4581      		ldd r20,Z+5
 1005 0604 EB5A      		subi r30,lo8(-(85))
 1006 0606 FF4F      		sbci r31,hi8(-(85))
 1007 0608 9F01      		movw r18,r30
 1008 060a 0E94 0000 		call i2c_Send
 1009 060e 982F      		mov r25,r24
 1010               	.LVL22:
 1011               	.LM106:
 1012 0610 8823      		tst r24
 1013 0612 01F0      		breq .+2
 1014 0614 00C0      		rjmp .L38
 1015               	.LVL23:
 1016               	.LM107:
 1017 0616 00D0      		rcall .
 1018 0618 00D0      		rcall .
 1019 061a 00D0      		rcall .
 1020 061c ADB7      		in r26,__SP_L__
 1021 061e BEB7      		in r27,__SP_H__
 1022 0620 1196      		adiw r26,1
 1023 0622 EDB7      		in r30,__SP_L__
 1024 0624 FEB7      		in r31,__SP_H__
 1025 0626 0183      		std Z+1,r16
 1026 0628 2981      		ldd r18,Y+1
 1027 062a 2283      		std Z+2,r18
 1028 062c E091 0000 		lds r30,wsp
 1029 0630 F091 0000 		lds r31,(wsp)+1
 1030 0634 EC5A      		subi r30,lo8(-(84))
 1031 0636 FF4F      		sbci r31,hi8(-(84))
 1032 0638 8081      		ld r24,Z
 1033               	.LVL24:
 1034 063a 1296      		adiw r26,2
 1035 063c 8C93      		st X,r24
 1036 063e 1297      		sbiw r26,2
 1037 0640 1396      		adiw r26,3
 1038 0642 1C92      		st X,__zero_reg__
 1039 0644 1397      		sbiw r26,3
 1040 0646 1596      		adiw r26,4+1
 1041 0648 1C92      		st X,__zero_reg__
 1042 064a 1E92      		st -X,__zero_reg__
 1043 064c 1497      		sbiw r26,4
 1044 064e 0E94 0000 		call printf
 1045               	.LVL25:
 1046               	.LM108:
 1047 0652 6DB7      		in r22,__SP_L__
 1048 0654 7EB7      		in r23,__SP_H__
 1049 0656 6A5F      		subi r22,lo8(-(6))
 1050 0658 7F4F      		sbci r23,hi8(-(6))
 1051 065a 0FB6      		in __tmp_reg__,__SREG__
 1052 065c F894      		cli
 1053 065e 7EBF      		out __SP_H__,r23
 1054 0660 0FBE      		out __SREG__,__tmp_reg__
 1055 0662 6DBF      		out __SP_L__,r22
 1056 0664 81E0      		ldi r24,lo8(1)
 1057 0666 0E94 0000 		call getBus
 1058 066a E091 0000 		lds r30,wsp
 1059 066e F091 0000 		lds r31,(wsp)+1
 1060 0672 DF01      		movw r26,r30
 1061 0674 AC5A      		subi r26,lo8(-(84))
 1062 0676 BF4F      		sbci r27,hi8(-(84))
 1063 0678 6C91      		ld r22,X
 1064 067a 4581      		ldd r20,Z+5
 1065 067c EB5A      		subi r30,lo8(-(85))
 1066 067e FF4F      		sbci r31,hi8(-(85))
 1067 0680 9F01      		movw r18,r30
 1068 0682 0E94 0000 		call i2c_Send
 1069 0686 982F      		mov r25,r24
 1070               	.LVL26:
 1071               	.LM109:
 1072 0688 8823      		tst r24
 1073 068a 01F0      		breq .+2
 1074 068c 00C0      		rjmp .L38
 1075               	.LVL27:
 1076               	.LM110:
 1077 068e 00D0      		rcall .
 1078 0690 00D0      		rcall .
 1079 0692 00D0      		rcall .
 1080 0694 ADB7      		in r26,__SP_L__
 1081 0696 BEB7      		in r27,__SP_H__
 1082 0698 1196      		adiw r26,1
 1083 069a EDB7      		in r30,__SP_L__
 1084 069c FEB7      		in r31,__SP_H__
 1085 069e 5282      		std Z+2,r5
 1086 06a0 4182      		std Z+1,r4
 1087 06a2 E091 0000 		lds r30,wsp
 1088 06a6 F091 0000 		lds r31,(wsp)+1
 1089 06aa EC5A      		subi r30,lo8(-(84))
 1090 06ac FF4F      		sbci r31,hi8(-(84))
 1091 06ae 8081      		ld r24,Z
 1092               	.LVL28:
 1093 06b0 1296      		adiw r26,2
 1094 06b2 8C93      		st X,r24
 1095 06b4 1297      		sbiw r26,2
 1096 06b6 1396      		adiw r26,3
 1097 06b8 1C92      		st X,__zero_reg__
 1098 06ba 1397      		sbiw r26,3
 1099 06bc 1596      		adiw r26,4+1
 1100 06be 1C92      		st X,__zero_reg__
 1101 06c0 1E92      		st -X,__zero_reg__
 1102 06c2 1497      		sbiw r26,4
 1103 06c4 0E94 0000 		call printf
 1104               	.LVL29:
 1105               	.LM111:
 1106 06c8 6DB7      		in r22,__SP_L__
 1107 06ca 7EB7      		in r23,__SP_H__
 1108 06cc 6A5F      		subi r22,lo8(-(6))
 1109 06ce 7F4F      		sbci r23,hi8(-(6))
 1110 06d0 0FB6      		in __tmp_reg__,__SREG__
 1111 06d2 F894      		cli
 1112 06d4 7EBF      		out __SP_H__,r23
 1113 06d6 0FBE      		out __SREG__,__tmp_reg__
 1114 06d8 6DBF      		out __SP_L__,r22
 1115 06da 81E0      		ldi r24,lo8(1)
 1116 06dc 0E94 0000 		call getBus
 1117 06e0 E091 0000 		lds r30,wsp
 1118 06e4 F091 0000 		lds r31,(wsp)+1
 1119 06e8 DF01      		movw r26,r30
 1120 06ea AC5A      		subi r26,lo8(-(84))
 1121 06ec BF4F      		sbci r27,hi8(-(84))
 1122 06ee 6C91      		ld r22,X
 1123 06f0 4581      		ldd r20,Z+5
 1124 06f2 EB5A      		subi r30,lo8(-(85))
 1125 06f4 FF4F      		sbci r31,hi8(-(85))
 1126 06f6 9F01      		movw r18,r30
 1127 06f8 0E94 0000 		call i2c_Send
 1128 06fc 982F      		mov r25,r24
 1129               	.LVL30:
 1130               	.LM112:
 1131 06fe 8823      		tst r24
 1132 0700 01F0      		breq .+2
 1133 0702 00C0      		rjmp .L38
 1134               	.LVL31:
 1135               	.LM113:
 1136 0704 00D0      		rcall .
 1137 0706 00D0      		rcall .
 1138 0708 00D0      		rcall .
 1139 070a ADB7      		in r26,__SP_L__
 1140 070c BEB7      		in r27,__SP_H__
 1141 070e 1196      		adiw r26,1
 1142 0710 EDB7      		in r30,__SP_L__
 1143 0712 FEB7      		in r31,__SP_H__
 1144 0714 5282      		std Z+2,r5
 1145 0716 4182      		std Z+1,r4
 1146 0718 E091 0000 		lds r30,wsp
 1147 071c F091 0000 		lds r31,(wsp)+1
 1148 0720 EC5A      		subi r30,lo8(-(84))
 1149 0722 FF4F      		sbci r31,hi8(-(84))
 1150 0724 8081      		ld r24,Z
 1151               	.LVL32:
 1152 0726 1296      		adiw r26,2
 1153 0728 8C93      		st X,r24
 1154 072a 1297      		sbiw r26,2
 1155 072c 1396      		adiw r26,3
 1156 072e 1C92      		st X,__zero_reg__
 1157 0730 1397      		sbiw r26,3
 1158 0732 1596      		adiw r26,4+1
 1159 0734 1C92      		st X,__zero_reg__
 1160 0736 1E92      		st -X,__zero_reg__
 1161 0738 1497      		sbiw r26,4
 1162 073a 0E94 0000 		call printf
 1163               	.LVL33:
 1164               	.LM114:
 1165 073e 6DB7      		in r22,__SP_L__
 1166 0740 7EB7      		in r23,__SP_H__
 1167 0742 6A5F      		subi r22,lo8(-(6))
 1168 0744 7F4F      		sbci r23,hi8(-(6))
 1169 0746 0FB6      		in __tmp_reg__,__SREG__
 1170 0748 F894      		cli
 1171 074a 7EBF      		out __SP_H__,r23
 1172 074c 0FBE      		out __SREG__,__tmp_reg__
 1173 074e 6DBF      		out __SP_L__,r22
 1174 0750 81E0      		ldi r24,lo8(1)
 1175 0752 0E94 0000 		call getBus
 1176 0756 E091 0000 		lds r30,wsp
 1177 075a F091 0000 		lds r31,(wsp)+1
 1178 075e DF01      		movw r26,r30
 1179 0760 AC5A      		subi r26,lo8(-(84))
 1180 0762 BF4F      		sbci r27,hi8(-(84))
 1181 0764 6C91      		ld r22,X
 1182 0766 4581      		ldd r20,Z+5
 1183 0768 EB5A      		subi r30,lo8(-(85))
 1184 076a FF4F      		sbci r31,hi8(-(85))
 1185 076c 9F01      		movw r18,r30
 1186 076e 0E94 0000 		call i2c_Send
 1187 0772 982F      		mov r25,r24
 1188               	.LVL34:
 1189               	.LM115:
 1190 0774 8823      		tst r24
 1191 0776 01F0      		breq .+2
 1192 0778 00C0      		rjmp .L38
 1193               	.LVL35:
 1194               	.LM116:
 1195 077a 00D0      		rcall .
 1196 077c 00D0      		rcall .
 1197 077e 00D0      		rcall .
 1198 0780 ADB7      		in r26,__SP_L__
 1199 0782 BEB7      		in r27,__SP_H__
 1200 0784 1196      		adiw r26,1
 1201 0786 EDB7      		in r30,__SP_L__
 1202 0788 FEB7      		in r31,__SP_H__
 1203 078a 5282      		std Z+2,r5
 1204 078c 4182      		std Z+1,r4
 1205 078e E091 0000 		lds r30,wsp
 1206 0792 F091 0000 		lds r31,(wsp)+1
 1207 0796 EC5A      		subi r30,lo8(-(84))
 1208 0798 FF4F      		sbci r31,hi8(-(84))
 1209 079a 8081      		ld r24,Z
 1210               	.LVL36:
 1211 079c 1296      		adiw r26,2
 1212 079e 8C93      		st X,r24
 1213 07a0 1297      		sbiw r26,2
 1214 07a2 1396      		adiw r26,3
 1215 07a4 1C92      		st X,__zero_reg__
 1216 07a6 1397      		sbiw r26,3
 1217 07a8 1596      		adiw r26,4+1
 1218 07aa 1C92      		st X,__zero_reg__
 1219 07ac 1E92      		st -X,__zero_reg__
 1220 07ae 1497      		sbiw r26,4
 1221 07b0 0E94 0000 		call printf
 1222               	.LVL37:
 1223               	.LM117:
 1224 07b4 6DB7      		in r22,__SP_L__
 1225 07b6 7EB7      		in r23,__SP_H__
 1226 07b8 6A5F      		subi r22,lo8(-(6))
 1227 07ba 7F4F      		sbci r23,hi8(-(6))
 1228 07bc 0FB6      		in __tmp_reg__,__SREG__
 1229 07be F894      		cli
 1230 07c0 7EBF      		out __SP_H__,r23
 1231 07c2 0FBE      		out __SREG__,__tmp_reg__
 1232 07c4 6DBF      		out __SP_L__,r22
 1233 07c6 81E0      		ldi r24,lo8(1)
 1234 07c8 0E94 0000 		call getBus
 1235 07cc E091 0000 		lds r30,wsp
 1236 07d0 F091 0000 		lds r31,(wsp)+1
 1237 07d4 DF01      		movw r26,r30
 1238 07d6 AC5A      		subi r26,lo8(-(84))
 1239 07d8 BF4F      		sbci r27,hi8(-(84))
 1240 07da 6C91      		ld r22,X
 1241 07dc 4581      		ldd r20,Z+5
 1242 07de EB5A      		subi r30,lo8(-(85))
 1243 07e0 FF4F      		sbci r31,hi8(-(85))
 1244 07e2 9F01      		movw r18,r30
 1245 07e4 0E94 0000 		call i2c_Send
 1246 07e8 982F      		mov r25,r24
 1247               	.LVL38:
 1248               	.LM118:
 1249 07ea 8823      		tst r24
 1250 07ec 01F0      		breq .+2
 1251 07ee 00C0      		rjmp .L38
 1252               	.LVL39:
 1253               	.LM119:
 1254 07f0 00D0      		rcall .
 1255 07f2 00D0      		rcall .
 1256 07f4 00D0      		rcall .
 1257 07f6 ADB7      		in r26,__SP_L__
 1258 07f8 BEB7      		in r27,__SP_H__
 1259 07fa 1196      		adiw r26,1
 1260 07fc EDB7      		in r30,__SP_L__
 1261 07fe FEB7      		in r31,__SP_H__
 1262 0800 5282      		std Z+2,r5
 1263 0802 4182      		std Z+1,r4
 1264 0804 E091 0000 		lds r30,wsp
 1265 0808 F091 0000 		lds r31,(wsp)+1
 1266 080c EC5A      		subi r30,lo8(-(84))
 1267 080e FF4F      		sbci r31,hi8(-(84))
 1268 0810 8081      		ld r24,Z
 1269               	.LVL40:
 1270 0812 1296      		adiw r26,2
 1271 0814 8C93      		st X,r24
 1272 0816 1297      		sbiw r26,2
 1273 0818 1396      		adiw r26,3
 1274 081a 1C92      		st X,__zero_reg__
 1275 081c 1397      		sbiw r26,3
 1276 081e 1596      		adiw r26,4+1
 1277 0820 1C92      		st X,__zero_reg__
 1278 0822 1E92      		st -X,__zero_reg__
 1279 0824 1497      		sbiw r26,4
 1280 0826 0E94 0000 		call printf
 1281               	.LVL41:
 1282               	.LM120:
 1283 082a 6DB7      		in r22,__SP_L__
 1284 082c 7EB7      		in r23,__SP_H__
 1285 082e 6A5F      		subi r22,lo8(-(6))
 1286 0830 7F4F      		sbci r23,hi8(-(6))
 1287 0832 0FB6      		in __tmp_reg__,__SREG__
 1288 0834 F894      		cli
 1289 0836 7EBF      		out __SP_H__,r23
 1290 0838 0FBE      		out __SREG__,__tmp_reg__
 1291 083a 6DBF      		out __SP_L__,r22
 1292 083c 81E0      		ldi r24,lo8(1)
 1293 083e 0E94 0000 		call getBus
 1294 0842 E091 0000 		lds r30,wsp
 1295 0846 F091 0000 		lds r31,(wsp)+1
 1296 084a DF01      		movw r26,r30
 1297 084c AC5A      		subi r26,lo8(-(84))
 1298 084e BF4F      		sbci r27,hi8(-(84))
 1299 0850 6C91      		ld r22,X
 1300 0852 4581      		ldd r20,Z+5
 1301 0854 EB5A      		subi r30,lo8(-(85))
 1302 0856 FF4F      		sbci r31,hi8(-(85))
 1303 0858 9F01      		movw r18,r30
 1304 085a 0E94 0000 		call i2c_Send
 1305 085e 982F      		mov r25,r24
 1306               	.LVL42:
 1307               	.LM121:
 1308 0860 8823      		tst r24
 1309 0862 01F0      		breq .+2
 1310 0864 00C0      		rjmp .L38
 1311               	.LVL43:
 1312               	.LM122:
 1313 0866 00D0      		rcall .
 1314 0868 00D0      		rcall .
 1315 086a 00D0      		rcall .
 1316 086c ADB7      		in r26,__SP_L__
 1317 086e BEB7      		in r27,__SP_H__
 1318 0870 1196      		adiw r26,1
 1319 0872 EDB7      		in r30,__SP_L__
 1320 0874 FEB7      		in r31,__SP_H__
 1321 0876 5282      		std Z+2,r5
 1322 0878 4182      		std Z+1,r4
 1323 087a E091 0000 		lds r30,wsp
 1324 087e F091 0000 		lds r31,(wsp)+1
 1325 0882 EC5A      		subi r30,lo8(-(84))
 1326 0884 FF4F      		sbci r31,hi8(-(84))
 1327 0886 8081      		ld r24,Z
 1328               	.LVL44:
 1329 0888 1296      		adiw r26,2
 1330 088a 8C93      		st X,r24
 1331 088c 1297      		sbiw r26,2
 1332 088e 1396      		adiw r26,3
 1333 0890 1C92      		st X,__zero_reg__
 1334 0892 1397      		sbiw r26,3
 1335 0894 1596      		adiw r26,4+1
 1336 0896 1C92      		st X,__zero_reg__
 1337 0898 1E92      		st -X,__zero_reg__
 1338 089a 1497      		sbiw r26,4
 1339 089c 0E94 0000 		call printf
 1340               	.LVL45:
 1341               	.LM123:
 1342 08a0 6DB7      		in r22,__SP_L__
 1343 08a2 7EB7      		in r23,__SP_H__
 1344 08a4 6A5F      		subi r22,lo8(-(6))
 1345 08a6 7F4F      		sbci r23,hi8(-(6))
 1346 08a8 0FB6      		in __tmp_reg__,__SREG__
 1347 08aa F894      		cli
 1348 08ac 7EBF      		out __SP_H__,r23
 1349 08ae 0FBE      		out __SREG__,__tmp_reg__
 1350 08b0 6DBF      		out __SP_L__,r22
 1351 08b2 81E0      		ldi r24,lo8(1)
 1352 08b4 0E94 0000 		call getBus
 1353 08b8 E091 0000 		lds r30,wsp
 1354 08bc F091 0000 		lds r31,(wsp)+1
 1355 08c0 DF01      		movw r26,r30
 1356 08c2 AC5A      		subi r26,lo8(-(84))
 1357 08c4 BF4F      		sbci r27,hi8(-(84))
 1358 08c6 6C91      		ld r22,X
 1359 08c8 4581      		ldd r20,Z+5
 1360 08ca EB5A      		subi r30,lo8(-(85))
 1361 08cc FF4F      		sbci r31,hi8(-(85))
 1362 08ce 9F01      		movw r18,r30
 1363 08d0 0E94 0000 		call i2c_Send
 1364 08d4 982F      		mov r25,r24
 1365               	.LVL46:
 1366               	.LM124:
 1367 08d6 8823      		tst r24
 1368 08d8 01F0      		breq .+2
 1369 08da 00C0      		rjmp .L38
 1370               	.LVL47:
 1371               	.LM125:
 1372 08dc 00D0      		rcall .
 1373 08de 00D0      		rcall .
 1374 08e0 00D0      		rcall .
 1375 08e2 EDB7      		in r30,__SP_L__
 1376 08e4 FEB7      		in r31,__SP_H__
 1377 08e6 3196      		adiw r30,1
 1378 08e8 ADB7      		in r26,__SP_L__
 1379 08ea BEB7      		in r27,__SP_H__
 1380 08ec 1296      		adiw r26,1+1
 1381 08ee 5C92      		st X,r5
 1382 08f0 4E92      		st -X,r4
 1383 08f2 1197      		sbiw r26,1
 1384 08f4 A091 0000 		lds r26,wsp
 1385 08f8 B091 0000 		lds r27,(wsp)+1
 1386 08fc AC5A      		subi r26,lo8(-(84))
 1387 08fe BF4F      		sbci r27,hi8(-(84))
 1388 0900 8C91      		ld r24,X
 1389               	.LVL48:
 1390 0902 8283      		std Z+2,r24
 1391 0904 1382      		std Z+3,__zero_reg__
 1392 0906 1582      		std Z+5,__zero_reg__
 1393 0908 1482      		std Z+4,__zero_reg__
 1394 090a 0E94 0000 		call printf
 1395               	.LVL49:
 1396 090e EDB7      		in r30,__SP_L__
 1397 0910 FEB7      		in r31,__SP_H__
 1398 0912 3696      		adiw r30,6
 1399 0914 0FB6      		in __tmp_reg__,__SREG__
 1400 0916 F894      		cli
 1401 0918 FEBF      		out __SP_H__,r31
 1402 091a 0FBE      		out __SREG__,__tmp_reg__
 1403 091c EDBF      		out __SP_L__,r30
 1404 091e 00C0      		rjmp .L48
 1405               	.L52:
 1406               	.LBE108:
 1407               	.LM126:
 1408 0920 28E8      		ldi r18,lo8(5000)
 1409 0922 33E1      		ldi r19,hi8(5000)
 1410               	.LVL50:
 1411               	.L49:
 1412               	.LBB109:
 1413               	.LBB110:
 1414               	.LM127:
 1415 0924 2115      		cp r18,__zero_reg__
 1416 0926 3105      		cpc r19,__zero_reg__
 1417 0928 01F0      		breq .+2
 1418 092a 00C0      		rjmp .L28
 1419               	.LBE110:
 1420               	.LBE109:
 1421               	.LM128:
 1422 092c 0E94 0000 		call cmdlineMainLoop
 1423               	.LVL51:
 1424               	.LM129:
 1425 0930 0E94 0000 		call ws_process_work_list
 1426               	.LM130:
 1427 0934 8091 0000 		lds r24,send_cmd
 1428 0938 8823      		tst r24
 1429 093a 01F4      		brne .+2
 1430 093c 00C0      		rjmp .L48
 1431               	.L29:
 1432               	.LM131:
 1433 093e 1092 0000 		sts send_cmd,__zero_reg__
 1434               	.LM132:
 1435 0942 00D0      		rcall .
 1436 0944 00D0      		rcall .
 1437 0946 EDB7      		in r30,__SP_L__
 1438 0948 FEB7      		in r31,__SP_H__
 1439 094a 3196      		adiw r30,1
 1440 094c ADB7      		in r26,__SP_L__
 1441 094e BEB7      		in r27,__SP_H__
 1442 0950 1296      		adiw r26,1+1
 1443 0952 DC92      		st X,r13
 1444 0954 CE92      		st -X,r12
 1445 0956 1197      		sbiw r26,1
 1446 0958 8091 0000 		lds r24,ws+5
 1447 095c 8283      		std Z+2,r24
 1448 095e 1382      		std Z+3,__zero_reg__
 1449 0960 0E94 0000 		call printf
 1450               	.LM133:
 1451 0964 0F90      		pop __tmp_reg__
 1452 0966 0F90      		pop __tmp_reg__
 1453 0968 0F90      		pop __tmp_reg__
 1454 096a 0F90      		pop __tmp_reg__
 1455 096c 8091 0000 		lds r24,ws+5
 1456 0970 8823      		tst r24
 1457 0972 01F0      		breq .L30
 1458 0974 10E0      		ldi r17,lo8(0)
 1459               	.LVL52:
 1460               	.L31:
 1461               	.LM134:
 1462 0976 00D0      		rcall .
 1463 0978 00D0      		rcall .
 1464 097a ADB7      		in r26,__SP_L__
 1465 097c BEB7      		in r27,__SP_H__
 1466 097e 1196      		adiw r26,1
 1467 0980 EDB7      		in r30,__SP_L__
 1468 0982 FEB7      		in r31,__SP_H__
 1469 0984 F282      		std Z+2,r15
 1470 0986 E182      		std Z+1,r14
 1471 0988 E12F      		mov r30,r17
 1472 098a F0E0      		ldi r31,lo8(0)
 1473               	.LVL53:
 1474 098c E050      		subi r30,lo8(-(ws+84))
 1475 098e F040      		sbci r31,hi8(-(ws+84))
 1476               	.LVL54:
 1477 0990 8081      		ld r24,Z
 1478 0992 1296      		adiw r26,2
 1479 0994 8C93      		st X,r24
 1480 0996 1297      		sbiw r26,2
 1481 0998 1396      		adiw r26,3
 1482 099a 1C92      		st X,__zero_reg__
 1483 099c 0E94 0000 		call printf
 1484               	.LVL55:
 1485               	.LM135:
 1486 09a0 1F5F      		subi r17,lo8(-(1))
 1487               	.LVL56:
 1488 09a2 0F90      		pop __tmp_reg__
 1489 09a4 0F90      		pop __tmp_reg__
 1490 09a6 0F90      		pop __tmp_reg__
 1491 09a8 0F90      		pop __tmp_reg__
 1492 09aa 8091 0000 		lds r24,ws+5
 1493 09ae 1817      		cp r17,r24
 1494 09b0 00F0      		brlo .L31
 1495               	.LVL57:
 1496               	.L30:
 1497               	.LM136:
 1498 09b2 80E0      		ldi r24,lo8(__c.3304)
 1499 09b4 90E0      		ldi r25,hi8(__c.3304)
 1500 09b6 0E94 0000 		call printfr
 1501               	.LM137:
 1502 09ba 81E0      		ldi r24,lo8(1)
 1503 09bc 0E94 0000 		call getBus
 1504 09c0 6091 0000 		lds r22,ws+84
 1505 09c4 4091 0000 		lds r20,ws+5
 1506 09c8 20E0      		ldi r18,lo8(ws+85)
 1507 09ca 30E0      		ldi r19,hi8(ws+85)
 1508 09cc 0E94 0000 		call i2c_Send
 1509 09d0 982F      		mov r25,r24
 1510               	.LVL58:
 1511               	.LM138:
 1512 09d2 8823      		tst r24
 1513 09d4 01F4      		brne .L32
 1514               	.LVL59:
 1515               	.LM139:
 1516 09d6 00D0      		rcall .
 1517 09d8 00D0      		rcall .
 1518 09da 00D0      		rcall .
 1519 09dc EDB7      		in r30,__SP_L__
 1520 09de FEB7      		in r31,__SP_H__
 1521 09e0 3196      		adiw r30,1
 1522 09e2 ADB7      		in r26,__SP_L__
 1523 09e4 BEB7      		in r27,__SP_H__
 1524 09e6 1296      		adiw r26,1+1
 1525 09e8 BC92      		st X,r11
 1526 09ea AE92      		st -X,r10
 1527 09ec 1197      		sbiw r26,1
 1528 09ee 8091 0000 		lds r24,ws+84
 1529               	.LVL60:
 1530 09f2 8283      		std Z+2,r24
 1531 09f4 1382      		std Z+3,__zero_reg__
 1532 09f6 1582      		std Z+5,__zero_reg__
 1533 09f8 1482      		std Z+4,__zero_reg__
 1534 09fa 0E94 0000 		call printf
 1535               	.LVL61:
 1536 09fe 20E0      		ldi r18,lo8(0)
 1537 0a00 30E0      		ldi r19,hi8(0)
 1538 0a02 EDB7      		in r30,__SP_L__
 1539 0a04 FEB7      		in r31,__SP_H__
 1540 0a06 3696      		adiw r30,6
 1541 0a08 0FB6      		in __tmp_reg__,__SREG__
 1542 0a0a F894      		cli
 1543 0a0c FEBF      		out __SP_H__,r31
 1544 0a0e 0FBE      		out __SREG__,__tmp_reg__
 1545 0a10 EDBF      		out __SP_L__,r30
 1546               	.L33:
 1547               	.LBB114:
 1548               	.LBB115:
 1549               	.LBB116:
 1550               	.LBB117:
 1551               	.LM140:
 1552 0a12 88EC      		ldi r24,lo8(200)
 1553 0a14 90E0      		ldi r25,hi8(200)
 1554               	.LVL62:
 1555               	/* #APP */
 1556               	 ;  105 "c:/winavr-20090313/lib/gcc/../../avr/include/util/delay_basic.h" 1
 1557 0a16 0197      		1: sbiw r24,1
 1558 0a18 01F4      		brne 1b
 1559               	 ;  0 "" 2
 1560               	/* #NOAPP */
 1561 0a1a 2F5F      		subi r18,lo8(-(1))
 1562 0a1c 3F4F      		sbci r19,hi8(-(1))
 1563               	.LBE117:
 1564               	.LBE116:
 1565               	.LM141:
 1566 0a1e F3E0      		ldi r31,hi8(1000)
 1567 0a20 283E      		cpi r18,lo8(1000)
 1568 0a22 3F07      		cpc r19,r31
 1569 0a24 01F4      		brne .L33
 1570 0a26 28E8      		ldi r18,lo8(5000)
 1571 0a28 33E1      		ldi r19,hi8(5000)
 1572               	.LVL63:
 1573               	.L28:
 1574               	.LBE115:
 1575               	.LBE114:
 1576               	.LBB118:
 1577               	.LBB113:
 1578               	.LBB111:
 1579               	.LBB112:
 1580               	.LM142:
 1581 0a2a 88EC      		ldi r24,lo8(200)
 1582 0a2c 90E0      		ldi r25,hi8(200)
 1583               	.LVL64:
 1584               	/* #APP */
 1585               	 ;  105 "c:/winavr-20090313/lib/gcc/../../avr/include/util/delay_basic.h" 1
 1586 0a2e 0197      		1: sbiw r24,1
 1587 0a30 01F4      		brne 1b
 1588               	 ;  0 "" 2
 1589               	/* #NOAPP */
 1590               	.LBE112:
 1591               	.LBE111:
 1592               	.LM143:
 1593 0a32 2150      		subi r18,lo8(-(-1))
 1594 0a34 3040      		sbci r19,hi8(-(-1))
 1595 0a36 00C0      		rjmp .L49
 1596               	.LVL65:
 1597               	.L32:
 1598               	.LBE113:
 1599               	.LBE118:
 1600               	.LM144:
 1601 0a38 00D0      		rcall .
 1602 0a3a 00D0      		rcall .
 1603 0a3c 00D0      		rcall .
 1604 0a3e EDB7      		in r30,__SP_L__
 1605 0a40 FEB7      		in r31,__SP_H__
 1606 0a42 3196      		adiw r30,1
 1607 0a44 ADB7      		in r26,__SP_L__
 1608 0a46 BEB7      		in r27,__SP_H__
 1609 0a48 1296      		adiw r26,1+1
 1610 0a4a 9C92      		st X,r9
 1611 0a4c 8E92      		st -X,r8
 1612 0a4e 1197      		sbiw r26,1
 1613               	.L50:
 1614 0a50 8091 0000 		lds r24,ws+84
 1615               	.LVL66:
 1616 0a54 8283      		std Z+2,r24
 1617 0a56 1382      		std Z+3,__zero_reg__
 1618 0a58 9483      		std Z+4,r25
 1619 0a5a 1582      		std Z+5,__zero_reg__
 1620 0a5c 0E94 0000 		call printf
 1621               	.LVL67:
 1622 0a60 EDB7      		in r30,__SP_L__
 1623 0a62 FEB7      		in r31,__SP_H__
 1624 0a64 3696      		adiw r30,6
 1625 0a66 0FB6      		in __tmp_reg__,__SREG__
 1626 0a68 F894      		cli
 1627 0a6a FEBF      		out __SP_H__,r31
 1628 0a6c 0FBE      		out __SREG__,__tmp_reg__
 1629 0a6e EDBF      		out __SP_L__,r30
 1630 0a70 00C0      		rjmp .L48
 1631               	.LVL68:
 1632               	.L38:
 1633               	.LBB119:
 1634               	.LM145:
 1635 0a72 00D0      		rcall .
 1636 0a74 00D0      		rcall .
 1637 0a76 00D0      		rcall .
 1638 0a78 EDB7      		in r30,__SP_L__
 1639 0a7a FEB7      		in r31,__SP_H__
 1640 0a7c 3196      		adiw r30,1
 1641 0a7e ADB7      		in r26,__SP_L__
 1642 0a80 BEB7      		in r27,__SP_H__
 1643 0a82 1296      		adiw r26,1+1
 1644 0a84 3C92      		st X,r3
 1645 0a86 2E92      		st -X,r2
 1646 0a88 1197      		sbiw r26,1
 1647 0a8a 00C0      		rjmp .L50
 1648               	.LBE119:
 1649               	.LBE106:
 1650               	.LFE11:
 1652               	.global	get
 1654               	get:
 1655               	.LFB8:
 1656               	.LM146:
 1657               	.LVL69:
 1658               	/* prologue: function */
 1659               	/* frame size = 0 */
 1660               	.LM147:
 1661 0a8c 0E94 0000 		call uart_getc
 1662               	.LVL70:
 1663               	.LM148:
 1664 0a90 90E0      		ldi r25,lo8(0)
 1665               	/* epilogue start */
 1666 0a92 0895      		ret
 1667               	.LFE8:
 1669               	.global	put
 1671               	put:
 1672               	.LFB7:
 1673               	.LM149:
 1674               	.LVL71:
 1675               	/* prologue: function */
 1676               	/* frame size = 0 */
 1677               	.LM150:
 1678 0a94 0E94 0000 		call uart_putc
 1679               	.LVL72:
 1680               	.LM151:
 1681 0a98 80E0      		ldi r24,lo8(0)
 1682 0a9a 90E0      		ldi r25,hi8(0)
 1683               	/* epilogue start */
 1684 0a9c 0895      		ret
 1685               	.LFE7:
 1687               	.global	IMPI_ADDR
 1688               		.data
 1691               	IMPI_ADDR:
 1692 0174 A8        		.byte	-88
 1693 0175 AA        		.byte	-86
 1694 0176 C2        		.byte	-62
 1695 0177 C4        		.byte	-60
 1696 0178 C8        		.byte	-56
 1697               		.section	.progmem.data,"a",@progbits
 1700               	__c.3306:
 1701 0000 0A0D 706F 		.string	"\n\rpolling I2C\n\r"
 1701      6C6C 696E
 1701      6720 4932
 1701      430A 0D00
 1704               	__c.3304:
 1705 0010 0A0D 5365 		.string	"\n\rSending IPMI MSG\n\r"
 1705      6E64 696E
 1705      6720 4950
 1705      4D49 204D
 1705      5347 0A0D
 1708               	__c.3295:
 1709 0025 4950 4D49 		.string	"IPMI Initialization\n\r"
 1709      2049 6E69
 1709      7469 616C
 1709      697A 6174
 1709      696F 6E0A
 1712               	__c.3293:
 1713 003b 4932 4320 		.string	"I2C Software\r"
 1713      536F 6674
 1713      7761 7265
 1713      0D00
 1716               	__c.3291:
 1717 0049 0A4D 6169 		.string	"\nMain Flash Booting\n\r"
 1717      6E20 466C
 1717      6173 6820
 1717      426F 6F74
 1717      696E 670A
 1720               	__c.3286:
 1721 005f 486F 7573 		.string	"Houston, we have take off! i2csw ipmi prot\n\r"
 1721      746F 6E2C
 1721      2077 6520
 1721      6861 7665
 1721      2074 616B
 1722               		.comm leds,14,1
 1723               		.comm cmd,32,1
 1724               		.comm print_buffer,100,1
 1725               		.comm ws,116,1
 1726               		.comm wsp,2,1
 1727               		.comm send_cmd,1,1
 1728               		.comm scl_pin,1,1
 1729               		.comm sda_pin,1,1
 1802               	.Letext0:
DEFINED SYMBOLS
                            *ABS*:00000000 main_i2csw_ipmi.c
C:\DOCUME~1\poliveir\LOCALS~1\Temp/ccnC7n5j.s:2      *ABS*:0000003f __SREG__
C:\DOCUME~1\poliveir\LOCALS~1\Temp/ccnC7n5j.s:3      *ABS*:0000003e __SP_H__
C:\DOCUME~1\poliveir\LOCALS~1\Temp/ccnC7n5j.s:4      *ABS*:0000003d __SP_L__
C:\DOCUME~1\poliveir\LOCALS~1\Temp/ccnC7n5j.s:5      *ABS*:00000034 __CCP__
C:\DOCUME~1\poliveir\LOCALS~1\Temp/ccnC7n5j.s:6      *ABS*:00000000 __tmp_reg__
C:\DOCUME~1\poliveir\LOCALS~1\Temp/ccnC7n5j.s:7      *ABS*:00000001 __zero_reg__
C:\DOCUME~1\poliveir\LOCALS~1\Temp/ccnC7n5j.s:18     .text:00000000 initLeds
                            *COM*:0000000e leds
C:\DOCUME~1\poliveir\LOCALS~1\Temp/ccnC7n5j.s:60     .text:0000004a boot_FPGA
C:\DOCUME~1\poliveir\LOCALS~1\Temp/ccnC7n5j.s:230    .text:000000ee tooglepwr
C:\DOCUME~1\poliveir\LOCALS~1\Temp/ccnC7n5j.s:277    .text:0000012c pwrFunction
                            *COM*:00000074 ws
                            *COM*:00000001 send_cmd
C:\DOCUME~1\poliveir\LOCALS~1\Temp/ccnC7n5j.s:399    .text:000001c2 main
C:\DOCUME~1\poliveir\LOCALS~1\Temp/ccnC7n5j.s:1671   .text:00000a94 put
C:\DOCUME~1\poliveir\LOCALS~1\Temp/ccnC7n5j.s:1654   .text:00000a8c get
C:\DOCUME~1\poliveir\LOCALS~1\Temp/ccnC7n5j.s:1720   .progmem.data:0000005f __c.3286
C:\DOCUME~1\poliveir\LOCALS~1\Temp/ccnC7n5j.s:1716   .progmem.data:00000049 __c.3291
C:\DOCUME~1\poliveir\LOCALS~1\Temp/ccnC7n5j.s:1712   .progmem.data:0000003b __c.3293
C:\DOCUME~1\poliveir\LOCALS~1\Temp/ccnC7n5j.s:1708   .progmem.data:00000025 __c.3295
C:\DOCUME~1\poliveir\LOCALS~1\Temp/ccnC7n5j.s:1700   .progmem.data:00000000 __c.3306
                            *COM*:00000002 wsp
C:\DOCUME~1\poliveir\LOCALS~1\Temp/ccnC7n5j.s:1704   .progmem.data:00000010 __c.3304
C:\DOCUME~1\poliveir\LOCALS~1\Temp/ccnC7n5j.s:1691   .data:00000174 IMPI_ADDR
                            *COM*:00000020 cmd
                            *COM*:00000064 print_buffer
                            *COM*:00000001 scl_pin
                            *COM*:00000001 sda_pin

UNDEFINED SYMBOLS
printf
cmdlineGetArgInt
cmd_complete
send_pwr_ctrl_ch
timerInit
uartInit
uartSetBaudRate
fdevopen
printfr
ws_init
i2c_bus_init
helpFunction
cmdlineAddCommand
module_init
getBus
IPMB0_A_READ
ipmi_process_pkt
i2c_Send
cmdlineMainLoop
ws_process_work_list
uart_getc
uart_putc
__do_copy_data
__do_clear_bss
